0 info it worked if it ends with ok
1 verbose cli [ 'C:\\Program Files\\nodejs\\node.exe',
1 verbose cli   'C:\\Program Files\\nodejs\\node_modules\\npm\\bin\\npm-cli.js',
1 verbose cli   'start' ]
2 info using npm@3.10.10
3 info using node@v6.11.3
4 verbose run-script [ 'prestart', 'start', 'poststart' ]
5 info lifecycle grammar_correction_front@0.1.0~prestart: grammar_correction_front@0.1.0
6 silly lifecycle grammar_correction_front@0.1.0~prestart: no script for prestart, continuing
7 info lifecycle grammar_correction_front@0.1.0~start: grammar_correction_front@0.1.0
8 verbose lifecycle grammar_correction_front@0.1.0~start: unsafe-perm in lifecycle true
9 verbose lifecycle grammar_correction_front@0.1.0~start: PATH: C:\Program Files\nodejs\node_modules\npm\bin\node-gyp-bin;H:\ProgramingWork\JSWork\grammar_correction_front\grammar-correction-front\node_modules\.bin;C:\Program Files\NVIDIA GPU Computing Toolkit\CUDA\v8.0\bin;C:\Program Files\NVIDIA GPU Computing Toolkit\CUDA\v8.0\libnvvp;;C:\ProgramData\Oracle\Java\javapath;C:\WINDOWS\system32;C:\WINDOWS;C:\WINDOWS\System32\Wbem;C:\WINDOWS\System32\WindowsPowerShell\v1.0\;C:\Program Files\Microsoft\Web Platform Installer\;C:\Program Files (x86)\Microsoft ASP.NET\ASP.NET Web Pages\v1.0\;C:\Program Files\Microsoft SQL Server\110\Tools\Binn\;D:\software\Java\JDK\bin;D:\software\Java\JDK\jre\bin;C:\Program Files\Microsoft SQL Server\110\DTS\Binn\;C:\Program Files (x86)\Microsoft SQL Server\110\Tools\Binn\;C:\Program Files (x86)\Microsoft SQL Server\110\Tools\Binn\ManagementStudio\;C:\Program Files (x86)\Microsoft Visual Studio 10.0\Common7\IDE\PrivateAssemblies\;C:\Program Files (x86)\Microsoft SQL Server\110\DTS\Binn\;D:\software\Calibre\;D:\software\Maven\apache-maven-3.3.3\bin;D:\software\Python\Anaconda\Anaconda3;D:\software\Python\Anaconda\Anaconda3\Scripts;D:\software\Python\Anaconda\Anaconda3\Library\bin;D:\software\Python\Anaconda\Anaconda2;D:\software\Python\Anaconda\Anaconda2\Scripts;D:\software\Python\Anaconda\Anaconda2\Library\bin;D:\software\TortoiseSVN\bin;D:\software\Java\JDK1.6\JDK\bin;C:\Users\Nack\.dnx\bin;C:\Program Files\Microsoft DNX\Dnvm\;C:\Program Files\Microsoft SQL Server\120\Tools\Binn\;C:\Program Files\Microsoft SQL Server\130\Tools\Binn\;D:\software\Git\Git\cmd;C:\Program Files\nodejs\;C:\Program Files (x86)\NVIDIA Corporation\PhysX\Common;C:\Program Files (x86)\Windows Kits\8.1\Windows Performance Toolkit\;%SystemRoot%\system32;%SystemRoot%;%SystemRoot%\System32\Wbem;%SYSTEMROOT%\System32\WindowsPowerShell\v1.0\;C:\Users\Nack\AppData\Local\Microsoft\WindowsApps;D:\software\VSCode\Microsoft VS Code\bin;C:\Users\Nack\AppData\Roaming\npm;
10 verbose lifecycle grammar_correction_front@0.1.0~start: CWD: H:\ProgramingWork\JSWork\grammar_correction_front\grammar-correction-front
11 silly lifecycle grammar_correction_front@0.1.0~start: Args: [ '/d /s /c',
11 silly lifecycle   'webpack-dev-server --inline --content-base . --history-api-fallback --port 8081' ]
12 silly lifecycle grammar_correction_front@0.1.0~start: Returned: code: 3221225786  signal: null
13 info lifecycle grammar_correction_front@0.1.0~start: Failed to exec start script
14 verbose stack Error: grammar_correction_front@0.1.0 start: `webpack-dev-server --inline --content-base . --history-api-fallback --port 8081`
14 verbose stack Exit status 3221225786
14 verbose stack     at EventEmitter.<anonymous> (C:\Program Files\nodejs\node_modules\npm\lib\utils\lifecycle.js:255:16)
14 verbose stack     at emitTwo (events.js:106:13)
14 verbose stack     at EventEmitter.emit (events.js:191:7)
14 verbose stack     at ChildProcess.<anonymous> (C:\Program Files\nodejs\node_modules\npm\lib\utils\spawn.js:40:14)
14 verbose stack     at emitTwo (events.js:106:13)
14 verbose stack     at ChildProcess.emit (events.js:191:7)
14 verbose stack     at maybeClose (internal/child_process.js:920:16)
14 verbose stack     at Process.ChildProcess._handle.onexit (internal/child_process.js:230:5)
15 verbose pkgid grammar_correction_front@0.1.0
16 verbose cwd H:\ProgramingWork\JSWork\grammar_correction_front\grammar-correction-front
17 error Windows_NT 10.0.16299
18 error argv "C:\\Program Files\\nodejs\\node.exe" "C:\\Program Files\\nodejs\\node_modules\\npm\\bin\\npm-cli.js" "start"
19 error node v6.11.3
20 error npm  v3.10.10
21 error code ELIFECYCLE
22 error grammar_correction_front@0.1.0 start: `webpack-dev-server --inline --content-base . --history-api-fallback --port 8081`
22 error Exit status 3221225786
23 error Failed at the grammar_correction_front@0.1.0 start script 'webpack-dev-server --inline --content-base . --history-api-fallback --port 8081'.
23 error Make sure you have the latest version of node.js and npm installed.
23 error If you do, this is most likely a problem with the grammar_correction_front package,
23 error not with npm itself.
23 error Tell the author that this fails on your system:
23 error     webpack-dev-server --inline --content-base . --history-api-fallback --port 8081
23 error You can get information on how to open an issue for this project with:
23 error     npm bugs grammar_correction_front
23 error Or if that isn't available, you can get their info via:
23 error     npm owner ls grammar_correction_front
23 error There is likely additional logging output above.
24 verbose exit [ 1, true ]
